<?xml version="1.0" encoding="UTF-8"?>
<testng-results skipped="0" failed="0" ignored="0" total="2" passed="2">
  <reporter-output>
  </reporter-output>
  <suite name="Surefire suite" duration-ms="20476" started-at="2019-09-05T20:07:23 BST" finished-at="2019-09-05T20:07:44 BST">
    <groups>
    </groups>
    <test name="Surefire test" duration-ms="20476" started-at="2019-09-05T20:07:23 BST" finished-at="2019-09-05T20:07:44 BST">
      <class name="mavenframe.maventest.day1Test">
        <test-method status="PASS" signature="first()[pri:0, instance:mavenframe.maventest.day1Test@4667ae56]" name="first" is-config="true" duration-ms="47" started-at="2019-09-05T20:07:23 BST" finished-at="2019-09-05T20:07:23 BST">
          <reporter-output>
          </reporter-output>
        </test-method> <!-- first -->
        <test-method status="PASS" signature="start()[pri:0, instance:mavenframe.maventest.day1Test@4667ae56]" name="start" is-config="true" duration-ms="9357" started-at="2019-09-05T20:07:23 BST" finished-at="2019-09-05T20:07:32 BST">
          <reporter-output>
          </reporter-output>
        </test-method> <!-- start -->
        <test-method status="PASS" signature="bm()[pri:0, instance:mavenframe.maventest.day1Test@4667ae56]" name="bm" is-config="true" duration-ms="0" started-at="2019-09-05T20:07:33 BST" finished-at="2019-09-05T20:07:33 BST">
          <reporter-output>
          </reporter-output>
        </test-method> <!-- bm -->
        <test-method status="PASS" signature="openurl()[pri:0, instance:mavenframe.maventest.day1Test@4667ae56]" name="openurl" duration-ms="6614" started-at="2019-09-05T20:07:33 BST" finished-at="2019-09-05T20:07:39 BST">
          <reporter-output>
          </reporter-output>
        </test-method> <!-- openurl -->
        <test-method status="PASS" signature="bm()[pri:0, instance:mavenframe.maventest.day1Test@4667ae56]" name="bm" is-config="true" duration-ms="4" started-at="2019-09-05T20:07:39 BST" finished-at="2019-09-05T20:07:39 BST">
          <reporter-output>
          </reporter-output>
        </test-method> <!-- bm -->
        <test-method status="PASS" signature="login()[pri:0, instance:mavenframe.maventest.day1Test@4667ae56]" name="login" duration-ms="2734" started-at="2019-09-05T20:07:39 BST" depends-on-methods="mavenframe.maventest.day1Test.openurl" finished-at="2019-09-05T20:07:42 BST">
          <reporter-output>
          </reporter-output>
        </test-method> <!-- login -->
        <test-method status="PASS" signature="close()[pri:0, instance:mavenframe.maventest.day1Test@4667ae56]" name="close" is-config="true" duration-ms="1581" started-at="2019-09-05T20:07:42 BST" finished-at="2019-09-05T20:07:44 BST">
          <reporter-output>
          </reporter-output>
        </test-method> <!-- close -->
        <test-method status="PASS" signature="end()[pri:0, instance:mavenframe.maventest.day1Test@4667ae56]" name="end" is-config="true" duration-ms="0" started-at="2019-09-05T20:07:44 BST" finished-at="2019-09-05T20:07:44 BST">
          <reporter-output>
          </reporter-output>
        </test-method> <!-- end -->
      </class> <!-- mavenframe.maventest.day1Test -->
    </test> <!-- Surefire test -->
  </suite> <!-- Surefire suite -->
</testng-results>
